{"numTotalTestSuites":1088,"numPassedTestSuites":1087,"numFailedTestSuites":1,"numPendingTestSuites":0,"numTotalTests":2631,"numPassedTests":2364,"numFailedTests":267,"numPendingTests":0,"numTodoTests":0,"startTime":1763484004008,"success":false,"testResults":[{"assertionResults":[{"ancestorTitles":["","Admin API","GET /api/admin"],"fullName":" Admin API GET /api/admin should allow access in development mode without auth","status":"passed","title":"should allow access in development mode without auth","duration":6,"failureMessages":[]},{"ancestorTitles":["","Admin API","GET /api/admin"],"fullName":" Admin API GET /api/admin should allow access when VERCEL_ENV is not set (local development)","status":"passed","title":"should allow access when VERCEL_ENV is not set (local development)","duration":1,"failureMessages":[]},{"ancestorTitles":["","Admin API","GET /api/admin"],"fullName":" Admin API GET /api/admin should reject access in production without admin token","status":"failed","title":"should reject access in production without admin token","duration":3,"failureMessages":["expected 200 to be 403 // Object.is equality"],"location":{"line":87,"column":31}},{"ancestorTitles":["","Admin API","GET /api/admin"],"fullName":" Admin API GET /api/admin should reject access with missing authorization header","status":"failed","title":"should reject access with missing authorization header","duration":1,"failureMessages":["expected 200 to be 401 // Object.is equality"],"location":{"line":105,"column":31}},{"ancestorTitles":["","Admin API","GET /api/admin"],"fullName":" Admin API GET /api/admin should reject access with malformed authorization header","status":"failed","title":"should reject access with malformed authorization header","duration":1,"failureMessages":["expected 200 to be 401 // Object.is equality"],"location":{"line":127,"column":31}},{"ancestorTitles":["","Admin API","GET /api/admin"],"fullName":" Admin API GET /api/admin should reject access with invalid token","status":"failed","title":"should reject access with invalid token","duration":1,"failureMessages":["expected 200 to be 403 // Object.is equality"],"location":{"line":149,"column":31}},{"ancestorTitles":["","Admin API","GET /api/admin"],"fullName":" Admin API GET /api/admin should allow access with valid Bearer token in production","status":"passed","title":"should allow access with valid Bearer token in production","duration":0,"failureMessages":[]},{"ancestorTitles":["","Admin API","GET /api/admin"],"fullName":" Admin API GET /api/admin should handle file read errors gracefully","status":"passed","title":"should handle file read errors gracefully","duration":2,"failureMessages":[]},{"ancestorTitles":["","Admin API","GET /api/admin"],"fullName":" Admin API GET /api/admin should use correct file path","status":"passed","title":"should use correct file path","duration":1,"failureMessages":[]},{"ancestorTitles":["","Admin API","GET /api/admin"],"fullName":" Admin API GET /api/admin should handle different production environments","status":"passed","title":"should handle different production environments","duration":1,"failureMessages":[]},{"ancestorTitles":["","Admin API","GET /api/admin"],"fullName":" Admin API GET /api/admin should trim token correctly from Bearer header","status":"failed","title":"should trim token correctly from Bearer header","duration":0,"failureMessages":["expected 200 to be 403 // Object.is equality"],"location":{"line":268,"column":31}},{"ancestorTitles":["","Admin API","GET /api/admin"],"fullName":" Admin API GET /api/admin should handle empty token in production","status":"failed","title":"should handle empty token in production","duration":1,"failureMessages":["expected 200 to be 403 // Object.is equality"],"location":{"line":282,"column":31}}],"startTime":1763484012275,"endTime":1763484012293,"status":"failed","message":"","name":"/Users/hamadriaz/Documents/codebase/ai-sdk-slackbot/tests/admin-api.test.ts"},{"assertionResults":[{"ancestorTitles":["","Admin Queue Stats API","GET /api/admin/queue-stats"],"fullName":" Admin Queue Stats API GET /api/admin/queue-stats should return queue statistics successfully","status":"passed","title":"should return queue statistics successfully","duration":17,"failureMessages":[]},{"ancestorTitles":["","Admin Queue Stats API","GET /api/admin/queue-stats"],"fullName":" Admin Queue Stats API GET /api/admin/queue-stats should handle authentication with ADMIN_API_KEY","status":"passed","title":"should handle authentication with ADMIN_API_KEY","duration":1,"failureMessages":[]},{"ancestorTitles":["","Admin Queue Stats API","GET /api/admin/queue-stats"],"fullName":" Admin Queue Stats API GET /api/admin/queue-stats should reject requests without proper authentication when ADMIN_API_KEY is set","status":"passed","title":"should reject requests without proper authentication when ADMIN_API_KEY is set","duration":1,"failureMessages":[]},{"ancestorTitles":["","Admin Queue Stats API","GET /api/admin/queue-stats"],"fullName":" Admin Queue Stats API GET /api/admin/queue-stats should reject requests with wrong authentication token","status":"passed","title":"should reject requests with wrong authentication token","duration":0,"failureMessages":[]},{"ancestorTitles":["","Admin Queue Stats API","GET /api/admin/queue-stats"],"fullName":" Admin Queue Stats API GET /api/admin/queue-stats should allow requests without auth when ADMIN_API_KEY is not set","status":"passed","title":"should allow requests without auth when ADMIN_API_KEY is not set","duration":0,"failureMessages":[]},{"ancestorTitles":["","Admin Queue Stats API","GET /api/admin/queue-stats"],"fullName":" Admin Queue Stats API GET /api/admin/queue-stats should handle empty recent classifications gracefully","status":"passed","title":"should handle empty recent classifications gracefully","duration":1,"failureMessages":[]},{"ancestorTitles":["","Admin Queue Stats API","GET /api/admin/queue-stats"],"fullName":" Admin Queue Stats API GET /api/admin/queue-stats should calculate failure metrics correctly","status":"passed","title":"should calculate failure metrics correctly","duration":1,"failureMessages":[]},{"ancestorTitles":["","Admin Queue Stats API","GET /api/admin/queue-stats"],"fullName":" Admin Queue Stats API GET /api/admin/queue-stats should detect VERCEL_URL correctly","status":"passed","title":"should detect VERCEL_URL correctly","duration":1,"failureMessages":[]},{"ancestorTitles":["","Admin Queue Stats API","GET /api/admin/queue-stats"],"fullName":" Admin Queue Stats API GET /api/admin/queue-stats should handle ENABLE_ASYNC_TRIAGE disabled","status":"passed","title":"should handle ENABLE_ASYNC_TRIAGE disabled","duration":2,"failureMessages":[]},{"ancestorTitles":["","Admin Queue Stats API","GET /api/admin/queue-stats"],"fullName":" Admin Queue Stats API GET /api/admin/queue-stats should handle database errors gracefully","status":"passed","title":"should handle database errors gracefully","duration":5,"failureMessages":[]},{"ancestorTitles":["","Admin Queue Stats API","GET /api/admin/queue-stats"],"fullName":" Admin Queue Stats API GET /api/admin/queue-stats should limit recent classifications to 5 items in response","status":"passed","title":"should limit recent classifications to 5 items in response","duration":2,"failureMessages":[]},{"ancestorTitles":["","Admin Queue Stats API","GET /api/admin/queue-stats"],"fullName":" Admin Queue Stats API GET /api/admin/queue-stats should round numerical values appropriately","status":"passed","title":"should round numerical values appropriately","duration":1,"failureMessages":[]}],"startTime":1763484006778,"endTime":1763484006811,"status":"passed","message":"","name":"/Users/hamadriaz/Documents/codebase/ai-sdk-slackbot/tests/admin-queue-stats-api.test.ts"},{"assertionResults":[{"ancestorTitles":["","AnthropicChatService"],"fullName":" AnthropicChatService converts chat request into Anthropic params","status":"passed","title":"converts chat request into Anthropic params","duration":2,"failureMessages":[]},{"ancestorTitles":["","AnthropicChatService"],"fullName":" AnthropicChatService returns aggregated text and tool calls","status":"passed","title":"returns aggregated text and tool calls","duration":0,"failureMessages":[]}],"startTime":1763484015948,"endTime":1763484015950,"status":"passed","message":"","name":"/Users/hamadriaz/Documents/codebase/ai-sdk-slackbot/tests/anthropic-chat.test.ts"},{"assertionResults":[{"ancestorTitles":["","App Settings Service","getAppSetting"],"fullName":" App Settings Service getAppSetting should retrieve app setting by key","status":"passed","title":"should retrieve app setting by key","duration":2,"failureMessages":[]},{"ancestorTitles":["","App Settings Service","getAppSetting"],"fullName":" App Settings Service getAppSetting should return null when setting not found","status":"passed","title":"should return null when setting not found","duration":0,"failureMessages":[]},{"ancestorTitles":["","App Settings Service","getAppSetting"],"fullName":" App Settings Service getAppSetting should throw error when database is not available","status":"passed","title":"should throw error when database is not available","duration":1,"failureMessages":[]},{"ancestorTitles":["","App Settings Service","getAppSetting"],"fullName":" App Settings Service getAppSetting should handle database errors gracefully","status":"passed","title":"should handle database errors gracefully","duration":0,"failureMessages":[]},{"ancestorTitles":["","App Settings Service","getAppSetting"],"fullName":" App Settings Service getAppSetting should ensure table exists before querying","status":"failed","title":"should ensure table exists before querying","duration":4,"failureMessages":["expected \"spy\" to be called with arguments: [ StringContaining{…} ]\u001b[90m\n\nReceived: \n\n\u001b[39m\u001b[90m\n\nNumber of calls: \u001b[1m0\u001b[22m\n\u001b[39m"],"location":{"line":109,"column":30}},{"ancestorTitles":["","App Settings Service","setAppSetting"],"fullName":" App Settings Service setAppSetting should create or update app setting","status":"passed","title":"should create or update app setting","duration":1,"failureMessages":[]},{"ancestorTitles":["","App Settings Service","setAppSetting"],"fullName":" App Settings Service setAppSetting should ensure table exists before setting","status":"failed","title":"should ensure table exists before setting","duration":0,"failureMessages":["expected \"spy\" to be called with arguments: [ StringContaining{…} ]\u001b[90m\n\nReceived: \n\n\u001b[39m\u001b[90m\n\nNumber of calls: \u001b[1m0\u001b[22m\n\u001b[39m"],"location":{"line":166,"column":30}},{"ancestorTitles":["","App Settings Service","setAppSetting"],"fullName":" App Settings Service setAppSetting should throw error when database is not available","status":"passed","title":"should throw error when database is not available","duration":1,"failureMessages":[]},{"ancestorTitles":["","App Settings Service","setAppSetting"],"fullName":" App Settings Service setAppSetting should handle database errors gracefully","status":"passed","title":"should handle database errors gracefully","duration":0,"failureMessages":[]},{"ancestorTitles":["","App Settings Service","getAppSettingWithFallback"],"fullName":" App Settings Service getAppSettingWithFallback should return setting value when it exists","status":"passed","title":"should return setting value when it exists","duration":1,"failureMessages":[]},{"ancestorTitles":["","App Settings Service","getAppSettingWithFallback"],"fullName":" App Settings Service getAppSettingWithFallback should return fallback when setting does not exist","status":"passed","title":"should return fallback when setting does not exist","duration":0,"failureMessages":[]},{"ancestorTitles":["","App Settings Service","getAppSettingWithFallback"],"fullName":" App Settings Service getAppSettingWithFallback should return null when setting does not exist and no fallback provided","status":"passed","title":"should return null when setting does not exist and no fallback provided","duration":0,"failureMessages":[]},{"ancestorTitles":["","App Settings Service","getAppSettingWithFallback"],"fullName":" App Settings Service getAppSettingWithFallback should return null when setting is undefined and no fallback provided","status":"passed","title":"should return null when setting is undefined and no fallback provided","duration":0,"failureMessages":[]},{"ancestorTitles":["","App Settings Service","getAppSettingWithFallback"],"fullName":" App Settings Service getAppSettingWithFallback should return fallback when setting is empty string","status":"passed","title":"should return fallback when setting is empty string","duration":1,"failureMessages":[]},{"ancestorTitles":["","App Settings Service","APP_SETTING_KEYS"],"fullName":" App Settings Service APP_SETTING_KEYS should contain expected setting keys","status":"passed","title":"should contain expected setting keys","duration":0,"failureMessages":[]},{"ancestorTitles":["","App Settings Service","APP_SETTING_KEYS"],"fullName":" App Settings Service APP_SETTING_KEYS should have readonly keys","status":"passed","title":"should have readonly keys","duration":0,"failureMessages":[]},{"ancestorTitles":["","App Settings Service","Integration scenarios"],"fullName":" App Settings Service Integration scenarios should handle setting and getting configuration","status":"passed","title":"should handle setting and getting configuration","duration":1,"failureMessages":[]},{"ancestorTitles":["","App Settings Service","Integration scenarios"],"fullName":" App Settings Service Integration scenarios should handle concurrent operations","status":"passed","title":"should handle concurrent operations","duration":0,"failureMessages":[]},{"ancestorTitles":["","App Settings Service","Integration scenarios"],"fullName":" App Settings Service Integration scenarios should use predefined setting keys","status":"passed","title":"should use predefined setting keys","duration":3,"failureMessages":[]},{"ancestorTitles":["","App Settings Service","Table creation"],"fullName":" App Settings Service Table creation should create table and index only once","status":"failed","title":"should create table and index only once","duration":1,"failureMessages":["expected \"spy\" to be called with arguments: [ StringContaining{…} ]\u001b[90m\n\nReceived: \n\n\u001b[39m\u001b[90m\n\nNumber of calls: \u001b[1m0\u001b[22m\n\u001b[39m"],"location":{"line":403,"column":30}}],"startTime":1763484009706,"endTime":1763484009722,"status":"failed","message":"","name":"/Users/hamadriaz/Documents/codebase/ai-sdk-slackbot/tests/app-settings.test.ts"},{"assertionResults":[{"ancestorTitles":["","Slack events handler"],"fullName":" Slack events handler responds to a direct message by summarising the latest case activity","status":"failed","title":"responds to a direct message by summarising the latest case activity","duration":10,"failureMessages":["expected \"spy\" to be called 1 times, but got 0 times"],"location":{"line":182,"column":35}}],"startTime":1763484013677,"endTime":1763484013687,"status":"failed","message":"","name":"/Users/hamadriaz/Documents/codebase/ai-sdk-slackbot/tests/assistant-handler.test.ts"},{"assertionResults":[{"ancestorTitles":["","Azure Search Client","getClientLabel"],"fullName":" Azure Search Client getClientLabel should return [Your Organization] for same client","status":"passed","title":"should return [Your Organization] for same client","duration":0,"failureMessages":[]},{"ancestorTitles":["","Azure Search Client","getClientLabel"],"fullName":" Azure Search Client getClientLabel should return client name for different client with name","status":"passed","title":"should return client name for different client with name","duration":1,"failureMessages":[]},{"ancestorTitles":["","Azure Search Client","getClientLabel"],"fullName":" Azure Search Client getClientLabel should return [Different Client] for different client without name","status":"passed","title":"should return [Different Client] for different client without name","duration":0,"failureMessages":[]},{"ancestorTitles":["","Azure Search Client","getClientLabel"],"fullName":" Azure Search Client getClientLabel should return [Different Client] for different client with undefined name","status":"passed","title":"should return [Different Client] for different client with undefined name","duration":0,"failureMessages":[]},{"ancestorTitles":["","Azure Search Client","AzureSearchClient","searchSimilarCases"],"fullName":" Azure Search Client AzureSearchClient searchSimilarCases should build correct search request for cross-client search","status":"passed","title":"should build correct search request for cross-client search","duration":4,"failureMessages":[]},{"ancestorTitles":["","Azure Search Client","AzureSearchClient","searchSimilarCases"],"fullName":" Azure Search Client AzureSearchClient searchSimilarCases should add client filter for single-client search","status":"passed","title":"should add client filter for single-client search","duration":0,"failureMessages":[]},{"ancestorTitles":["","Azure Search Client","AzureSearchClient","searchSimilarCases"],"fullName":" Azure Search Client AzureSearchClient searchSimilarCases should correctly set same_client flag for MSP attribution","status":"passed","title":"should correctly set same_client flag for MSP attribution","duration":1,"failureMessages":[]},{"ancestorTitles":["","Azure Search Client","AzureSearchClient","searchSimilarCases"],"fullName":" Azure Search Client AzureSearchClient searchSimilarCases should handle missing client information gracefully","status":"passed","title":"should handle missing client information gracefully","duration":0,"failureMessages":[]},{"ancestorTitles":["","Azure Search Client","AzureSearchClient","searchSimilarCases"],"fullName":" Azure Search Client AzureSearchClient searchSimilarCases should return empty array on API error","status":"passed","title":"should return empty array on API error","duration":2,"failureMessages":[]},{"ancestorTitles":["","Azure Search Client","AzureSearchClient","searchSimilarCases"],"fullName":" Azure Search Client AzureSearchClient searchSimilarCases should return empty array on network error","status":"passed","title":"should return empty array on network error","duration":1,"failureMessages":[]},{"ancestorTitles":["","Azure Search Client","AzureSearchClient","testConnection"],"fullName":" Azure Search Client AzureSearchClient testConnection should return success when index exists","status":"passed","title":"should return success when index exists","duration":0,"failureMessages":[]},{"ancestorTitles":["","Azure Search Client","AzureSearchClient","testConnection"],"fullName":" Azure Search Client AzureSearchClient testConnection should return failure when index not found","status":"passed","title":"should return failure when index not found","duration":0,"failureMessages":[]},{"ancestorTitles":["","Azure Search Client","MSP Attribution Integration Test"],"fullName":" Azure Search Client MSP Attribution Integration Test should produce correct work note labels for mixed client results","status":"passed","title":"should produce correct work note labels for mixed client results","duration":1,"failureMessages":[]}],"startTime":1763484011996,"endTime":1763484012006,"status":"passed","message":"","name":"/Users/hamadriaz/Documents/codebase/ai-sdk-slackbot/tests/azure-search-client.test.ts"},{"assertionResults":[{"ancestorTitles":["","Block Kit Builder Functions","createHeaderBlock"],"fullName":" Block Kit Builder Functions createHeaderBlock should create a valid header block","status":"passed","title":"should create a valid header block","duration":1,"failureMessages":[]},{"ancestorTitles":["","Block Kit Builder Functions","createHeaderBlock"],"fullName":" Block Kit Builder Functions createHeaderBlock should handle empty text","status":"passed","title":"should handle empty text","duration":0,"failureMessages":[]},{"ancestorTitles":["","Block Kit Builder Functions","createHeaderBlock"],"fullName":" Block Kit Builder Functions createHeaderBlock should handle long text within limits","status":"passed","title":"should handle long text within limits","duration":0,"failureMessages":[]},{"ancestorTitles":["","Block Kit Builder Functions","createHeaderBlock"],"fullName":" Block Kit Builder Functions createHeaderBlock should handle long text without truncation","status":"passed","title":"should handle long text without truncation","duration":0,"failureMessages":[]},{"ancestorTitles":["","Block Kit Builder Functions","createSectionBlock"],"fullName":" Block Kit Builder Functions createSectionBlock should create a valid section block with text","status":"passed","title":"should create a valid section block with text","duration":0,"failureMessages":[]},{"ancestorTitles":["","Block Kit Builder Functions","createSectionBlock"],"fullName":" Block Kit Builder Functions createSectionBlock should create a section block with accessory","status":"passed","title":"should create a section block with accessory","duration":0,"failureMessages":[]},{"ancestorTitles":["","Block Kit Builder Functions","createSectionBlock"],"fullName":" Block Kit Builder Functions createSectionBlock should handle empty text","status":"passed","title":"should handle empty text","duration":0,"failureMessages":[]},{"ancestorTitles":["","Block Kit Builder Functions","createSectionBlock"],"fullName":" Block Kit Builder Functions createSectionBlock should handle markdown formatting","status":"passed","title":"should handle markdown formatting","duration":1,"failureMessages":[]},{"ancestorTitles":["","Block Kit Builder Functions","createFieldsBlock"],"fullName":" Block Kit Builder Functions createFieldsBlock should create a valid fields block","status":"passed","title":"should create a valid fields block","duration":0,"failureMessages":[]},{"ancestorTitles":["","Block Kit Builder Functions","createFieldsBlock"],"fullName":" Block Kit Builder Functions createFieldsBlock should handle empty fields array","status":"passed","title":"should handle empty fields array","duration":1,"failureMessages":[]},{"ancestorTitles":["","Block Kit Builder Functions","createFieldsBlock"],"fullName":" Block Kit Builder Functions createFieldsBlock should handle maximum fields (10)","status":"passed","title":"should handle maximum fields (10)","duration":0,"failureMessages":[]},{"ancestorTitles":["","Block Kit Builder Functions","createFieldsBlock"],"fullName":" Block Kit Builder Functions createFieldsBlock should handle many fields without validation","status":"passed","title":"should handle many fields without validation","duration":0,"failureMessages":[]},{"ancestorTitles":["","Block Kit Builder Functions","createFieldsBlock"],"fullName":" Block Kit Builder Functions createFieldsBlock should handle special characters in field values","status":"passed","title":"should handle special characters in field values","duration":0,"failureMessages":[]},{"ancestorTitles":["","Block Kit Builder Functions","createDivider"],"fullName":" Block Kit Builder Functions createDivider should create a valid divider block","status":"passed","title":"should create a valid divider block","duration":0,"failureMessages":[]},{"ancestorTitles":["","Block Kit Builder Functions","createDivider"],"fullName":" Block Kit Builder Functions createDivider should have no additional properties","status":"passed","title":"should have no additional properties","duration":1,"failureMessages":[]},{"ancestorTitles":["","Block Kit Builder Functions","createContextBlock"],"fullName":" Block Kit Builder Functions createContextBlock should create a valid context block","status":"passed","title":"should create a valid context block","duration":0,"failureMessages":[]},{"ancestorTitles":["","Block Kit Builder Functions","createContextBlock"],"fullName":" Block Kit Builder Functions createContextBlock should handle empty text","status":"passed","title":"should handle empty text","duration":0,"failureMessages":[]},{"ancestorTitles":["","Block Kit Builder Functions","createContextBlock"],"fullName":" Block Kit Builder Functions createContextBlock should handle markdown in context","status":"passed","title":"should handle markdown in context","duration":0,"failureMessages":[]},{"ancestorTitles":["","Block Kit Builder Functions","createActionsBlock"],"fullName":" Block Kit Builder Functions createActionsBlock should create a valid actions block with buttons","status":"passed","title":"should create a valid actions block with buttons","duration":1,"failureMessages":[]},{"ancestorTitles":["","Block Kit Builder Functions","createActionsBlock"],"fullName":" Block Kit Builder Functions createActionsBlock should handle buttons with URLs","status":"passed","title":"should handle buttons with URLs","duration":0,"failureMessages":[]},{"ancestorTitles":["","Block Kit Builder Functions","createActionsBlock"],"fullName":" Block Kit Builder Functions createActionsBlock should handle buttons with confirmation dialogs","status":"passed","title":"should handle buttons with confirmation dialogs","duration":0,"failureMessages":[]},{"ancestorTitles":["","Block Kit Builder Functions","createActionsBlock"],"fullName":" Block Kit Builder Functions createActionsBlock should handle empty buttons array","status":"passed","title":"should handle empty buttons array","duration":0,"failureMessages":[]},{"ancestorTitles":["","Block Kit Builder Functions","createActionsBlock"],"fullName":" Block Kit Builder Functions createActionsBlock should handle maximum buttons (5)","status":"passed","title":"should handle maximum buttons (5)","duration":0,"failureMessages":[]},{"ancestorTitles":["","Block Kit Builder Functions","createImageBlock"],"fullName":" Block Kit Builder Functions createImageBlock should create a valid image block","status":"passed","title":"should create a valid image block","duration":0,"failureMessages":[]},{"ancestorTitles":["","Block Kit Builder Functions","createImageBlock"],"fullName":" Block Kit Builder Functions createImageBlock should create image block with title","status":"passed","title":"should create image block with title","duration":1,"failureMessages":[]},{"ancestorTitles":["","Block Kit Builder Functions","createImageBlock"],"fullName":" Block Kit Builder Functions createImageBlock should create image block with block_id","status":"passed","title":"should create image block with block_id","duration":0,"failureMessages":[]},{"ancestorTitles":["","Block Kit Builder Functions","createImageBlock"],"fullName":" Block Kit Builder Functions createImageBlock should handle URLs without sanitization","status":"passed","title":"should handle URLs without sanitization","duration":0,"failureMessages":[]},{"ancestorTitles":["","Block Kit Builder Functions","createFileBlock"],"fullName":" Block Kit Builder Functions createFileBlock should create a valid file block","status":"passed","title":"should create a valid file block","duration":0,"failureMessages":[]},{"ancestorTitles":["","Block Kit Builder Functions","createFileBlock"],"fullName":" Block Kit Builder Functions createFileBlock should create file block with custom source","status":"passed","title":"should create file block with custom source","duration":0,"failureMessages":[]},{"ancestorTitles":["","Block Kit Builder Functions","createFileBlock"],"fullName":" Block Kit Builder Functions createFileBlock should create file block with block_id","status":"passed","title":"should create file block with block_id","duration":0,"failureMessages":[]},{"ancestorTitles":["","Block Kit Builder Functions","createButton"],"fullName":" Block Kit Builder Functions createButton should create a valid button","status":"passed","title":"should create a valid button","duration":0,"failureMessages":[]},{"ancestorTitles":["","Block Kit Builder Functions","createButton"],"fullName":" Block Kit Builder Functions createButton should create button with value","status":"passed","title":"should create button with value","duration":0,"failureMessages":[]},{"ancestorTitles":["","Block Kit Builder Functions","createButton"],"fullName":" Block Kit Builder Functions createButton should create button with URL","status":"passed","title":"should create button with URL","duration":0,"failureMessages":[]},{"ancestorTitles":["","Block Kit Builder Functions","createButton"],"fullName":" Block Kit Builder Functions createButton should sanitize dangerous URLs","status":"passed","title":"should sanitize dangerous URLs","duration":1,"failureMessages":[]},{"ancestorTitles":["","Block Kit Builder Functions","createButton"],"fullName":" Block Kit Builder Functions createButton should create button with style","status":"passed","title":"should create button with style","duration":0,"failureMessages":[]},{"ancestorTitles":["","Block Kit Builder Functions","createButton"],"fullName":" Block Kit Builder Functions createButton should create button with confirmation","status":"passed","title":"should create button with confirmation","duration":0,"failureMessages":[]},{"ancestorTitles":["","Block Kit Builder Functions","createOverflowMenu"],"fullName":" Block Kit Builder Functions createOverflowMenu should create a valid overflow menu","status":"passed","title":"should create a valid overflow menu","duration":0,"failureMessages":[]},{"ancestorTitles":["","Block Kit Builder Functions","createOverflowMenu"],"fullName":" Block Kit Builder Functions createOverflowMenu should handle empty options","status":"passed","title":"should handle empty options","duration":0,"failureMessages":[]},{"ancestorTitles":["","Block Kit Builder Functions","createOverflowMenu"],"fullName":" Block Kit Builder Functions createOverflowMenu should handle maximum options (5)","status":"passed","title":"should handle maximum options (5)","duration":0,"failureMessages":[]},{"ancestorTitles":["","Block Kit Builder Functions","Block Integration Tests"],"fullName":" Block Kit Builder Functions Block Integration Tests should create a complete message with multiple block types","status":"passed","title":"should create a complete message with multiple block types","duration":0,"failureMessages":[]},{"ancestorTitles":["","Block Kit Builder Functions","Block Integration Tests"],"fullName":" Block Kit Builder Functions Block Integration Tests should handle complex nested structures","status":"passed","title":"should handle complex nested structures","duration":0,"failureMessages":[]},{"ancestorTitles":["","Block Kit Builder Functions","Block Integration Tests"],"fullName":" Block Kit Builder Functions Block Integration Tests should maintain block order in arrays","status":"passed","title":"should maintain block order in arrays","duration":0,"failureMessages":[]},{"ancestorTitles":["","Block Kit Builder Functions","Error Handling and Edge Cases"],"fullName":" Block Kit Builder Functions Error Handling and Edge Cases should handle null/undefined inputs gracefully","status":"passed","title":"should handle null/undefined inputs gracefully","duration":0,"failureMessages":[]},{"ancestorTitles":["","Block Kit Builder Functions","Error Handling and Edge Cases"],"fullName":" Block Kit Builder Functions Error Handling and Edge Cases should handle very long text inputs","status":"passed","title":"should handle very long text inputs","duration":0,"failureMessages":[]},{"ancestorTitles":["","Block Kit Builder Functions","Error Handling and Edge Cases"],"fullName":" Block Kit Builder Functions Error Handling and Edge Cases should handle special characters and unicode","status":"passed","title":"should handle special characters and unicode","duration":1,"failureMessages":[]},{"ancestorTitles":["","Block Kit Builder Functions","Error Handling and Edge Cases"],"fullName":" Block Kit Builder Functions Error Handling and Edge Cases should handle malformed URLs gracefully","status":"passed","title":"should handle malformed URLs gracefully","duration":0,"failureMessages":[]}],"startTime":1763484006806,"endTime":1763484006816,"status":"passed","message":"","name":"/Users/hamadriaz/Documents/codebase/ai-sdk-slackbot/tests/block-kit-builder.test.ts"},{"assertionResults":[{"ancestorTitles":["","Message Styling & Sanitization","sanitizeSlackText"],"fullName":" Message Styling & Sanitization sanitizeSlackText should remove dangerous HTML tags","status":"passed","title":"should remove dangerous HTML tags","duration":2,"failureMessages":[]},{"ancestorTitles":["","Message Styling & Sanitization","sanitizeSlackText"],"fullName":" Message Styling & Sanitization sanitizeSlackText should preserve safe HTML-like content","status":"passed","title":"should preserve safe HTML-like content","duration":1,"failureMessages":[]},{"ancestorTitles":["","Message Styling & Sanitization","sanitizeSlackText"],"fullName":" Message Styling & Sanitization sanitizeSlackText should handle null/undefined inputs","status":"passed","title":"should handle null/undefined inputs","duration":0,"failureMessages":[]},{"ancestorTitles":["","Message Styling & Sanitization","sanitizeSlackText"],"fullName":" Message Styling & Sanitization sanitizeSlackText should handle empty strings","status":"passed","title":"should handle empty strings","duration":0,"failureMessages":[]},{"ancestorTitles":["","Message Styling & Sanitization","sanitizeSlackText"],"fullName":" Message Styling & Sanitization sanitizeSlackText should remove dangerous attributes","status":"passed","title":"should remove dangerous attributes","duration":0,"failureMessages":[]},{"ancestorTitles":["","Message Styling & Sanitization","sanitizeSlackText"],"fullName":" Message Styling & Sanitization sanitizeSlackText should handle nested dangerous tags","status":"passed","title":"should handle nested dangerous tags","duration":1,"failureMessages":[]},{"ancestorTitles":["","Message Styling & Sanitization","sanitizeSlackText"],"fullName":" Message Styling & Sanitization sanitizeSlackText should preserve Slack-specific formatting","status":"passed","title":"should preserve Slack-specific formatting","duration":0,"failureMessages":[]},{"ancestorTitles":["","Message Styling & Sanitization","sanitizeSlackText"],"fullName":" Message Styling & Sanitization sanitizeSlackText should handle emoji and special characters","status":"passed","title":"should handle emoji and special characters","duration":2,"failureMessages":[]},{"ancestorTitles":["","Message Styling & Sanitization","sanitizeBlockText"],"fullName":" Message Styling & Sanitization sanitizeBlockText should sanitize plain text blocks","status":"passed","title":"should sanitize plain text blocks","duration":0,"failureMessages":[]},{"ancestorTitles":["","Message Styling & Sanitization","sanitizeBlockText"],"fullName":" Message Styling & Sanitization sanitizeBlockText should sanitize markdown text blocks","status":"passed","title":"should sanitize markdown text blocks","duration":1,"failureMessages":[]},{"ancestorTitles":["","Message Styling & Sanitization","sanitizeBlockText"],"fullName":" Message Styling & Sanitization sanitizeBlockText should handle invalid block text objects","status":"passed","title":"should handle invalid block text objects","duration":0,"failureMessages":[]},{"ancestorTitles":["","Message Styling & Sanitization","sanitizeMarkdownText"],"fullName":" Message Styling & Sanitization sanitizeMarkdownText should sanitize markdown while preserving formatting","status":"passed","title":"should sanitize markdown while preserving formatting","duration":1,"failureMessages":[]},{"ancestorTitles":["","Message Styling & Sanitization","sanitizeMarkdownText"],"fullName":" Message Styling & Sanitization sanitizeMarkdownText should preserve Slack markdown links","status":"passed","title":"should preserve Slack markdown links","duration":0,"failureMessages":[]},{"ancestorTitles":["","Message Styling & Sanitization","sanitizeMarkdownText"],"fullName":" Message Styling & Sanitization sanitizeMarkdownText should handle channel and user mentions","status":"passed","title":"should handle channel and user mentions","duration":0,"failureMessages":[]},{"ancestorTitles":["","Message Styling & Sanitization","sanitizeMarkdownText"],"fullName":" Message Styling & Sanitization sanitizeMarkdownText should remove dangerous HTML from markdown","status":"passed","title":"should remove dangerous HTML from markdown","duration":0,"failureMessages":[]},{"ancestorTitles":["","Message Styling & Sanitization","truncateText"],"fullName":" Message Styling & Sanitization truncateText should truncate text to maximum length","status":"passed","title":"should truncate text to maximum length","duration":1,"failureMessages":[]},{"ancestorTitles":["","Message Styling & Sanitization","truncateText"],"fullName":" Message Styling & Sanitization truncateText should not truncate short text","status":"passed","title":"should not truncate short text","duration":0,"failureMessages":[]},{"ancestorTitles":["","Message Styling & Sanitization","truncateText"],"fullName":" Message Styling & Sanitization truncateText should handle custom maxLength","status":"passed","title":"should handle custom maxLength","duration":0,"failureMessages":[]},{"ancestorTitles":["","Message Styling & Sanitization","truncateText"],"fullName":" Message Styling & Sanitization truncateText should handle empty text","status":"passed","title":"should handle empty text","duration":0,"failureMessages":[]},{"ancestorTitles":["","Message Styling & Sanitization","validateActionId"],"fullName":" Message Styling & Sanitization validateActionId should validate valid action IDs","status":"passed","title":"should validate valid action IDs","duration":0,"failureMessages":[]},{"ancestorTitles":["","Message Styling & Sanitization","validateActionId"],"fullName":" Message Styling & Sanitization validateActionId should reject invalid action IDs","status":"passed","title":"should reject invalid action IDs","duration":0,"failureMessages":[]},{"ancestorTitles":["","Message Styling & Sanitization","validateActionId"],"fullName":" Message Styling & Sanitization validateActionId should handle null/undefined","status":"passed","title":"should handle null/undefined","duration":0,"failureMessages":[]},{"ancestorTitles":["","Message Styling & Sanitization","validateBlockId"],"fullName":" Message Styling & Sanitization validateBlockId should validate valid block IDs","status":"passed","title":"should validate valid block IDs","duration":0,"failureMessages":[]},{"ancestorTitles":["","Message Styling & Sanitization","validateBlockId"],"fullName":" Message Styling & Sanitization validateBlockId should reject invalid block IDs","status":"passed","title":"should reject invalid block IDs","duration":0,"failureMessages":[]},{"ancestorTitles":["","Message Styling & Sanitization","validateBlockId"],"fullName":" Message Styling & Sanitization validateBlockId should handle null/undefined","status":"passed","title":"should handle null/undefined","duration":0,"failureMessages":[]},{"ancestorTitles":["","Block Kit Structure Validation","validateBlockKitStructure"],"fullName":" Block Kit Structure Validation validateBlockKitStructure should validate valid block kit structures","status":"passed","title":"should validate valid block kit structures","duration":0,"failureMessages":[]},{"ancestorTitles":["","Block Kit Structure Validation","validateBlockKitStructure"],"fullName":" Block Kit Structure Validation validateBlockKitStructure should reject invalid block kit structures","status":"passed","title":"should reject invalid block kit structures","duration":0,"failureMessages":[]},{"ancestorTitles":["","Block Kit Structure Validation","validateBlockKitStructure"],"fullName":" Block Kit Structure Validation validateBlockKitStructure should handle empty blocks array","status":"passed","title":"should handle empty blocks array","duration":1,"failureMessages":[]},{"ancestorTitles":["","Block Kit Structure Validation","validateBlockKitStructure"],"fullName":" Block Kit Structure Validation validateBlockKitStructure should reject non-array blocks","status":"passed","title":"should reject non-array blocks","duration":0,"failureMessages":[]},{"ancestorTitles":["","Block Kit Structure Validation","validateBlockElement"],"fullName":" Block Kit Structure Validation validateBlockElement should validate section blocks","status":"passed","title":"should validate section blocks","duration":0,"failureMessages":[]},{"ancestorTitles":["","Block Kit Structure Validation","validateBlockElement"],"fullName":" Block Kit Structure Validation validateBlockElement should validate divider blocks","status":"passed","title":"should validate divider blocks","duration":0,"failureMessages":[]},{"ancestorTitles":["","Block Kit Structure Validation","validateBlockElement"],"fullName":" Block Kit Structure Validation validateBlockElement should validate header blocks","status":"passed","title":"should validate header blocks","duration":0,"failureMessages":[]},{"ancestorTitles":["","Block Kit Structure Validation","validateBlockElement"],"fullName":" Block Kit Structure Validation validateBlockElement should validate image blocks","status":"passed","title":"should validate image blocks","duration":0,"failureMessages":[]},{"ancestorTitles":["","Block Kit Structure Validation","validateBlockElement"],"fullName":" Block Kit Structure Validation validateBlockElement should validate actions blocks","status":"passed","title":"should validate actions blocks","duration":0,"failureMessages":[]},{"ancestorTitles":["","Block Kit Structure Validation","validateBlockElement"],"fullName":" Block Kit Structure Validation validateBlockElement should validate context blocks","status":"passed","title":"should validate context blocks","duration":1,"failureMessages":[]},{"ancestorTitles":["","Block Kit Structure Validation","validateBlockElement"],"fullName":" Block Kit Structure Validation validateBlockElement should reject invalid block types","status":"passed","title":"should reject invalid block types","duration":0,"failureMessages":[]},{"ancestorTitles":["","Block Kit Structure Validation","validateBlockElement"],"fullName":" Block Kit Structure Validation validateBlockElement should reject blocks without type","status":"passed","title":"should reject blocks without type","duration":0,"failureMessages":[]},{"ancestorTitles":["","Block Kit Structure Validation","validateInteractiveElement"],"fullName":" Block Kit Structure Validation validateInteractiveElement should validate button elements","status":"passed","title":"should validate button elements","duration":0,"failureMessages":[]},{"ancestorTitles":["","Block Kit Structure Validation","validateInteractiveElement"],"fullName":" Block Kit Structure Validation validateInteractiveElement should validate select menu elements","status":"passed","title":"should validate select menu elements","duration":0,"failureMessages":[]},{"ancestorTitles":["","Block Kit Structure Validation","validateInteractiveElement"],"fullName":" Block Kit Structure Validation validateInteractiveElement should validate input elements","status":"passed","title":"should validate input elements","duration":0,"failureMessages":[]},{"ancestorTitles":["","Block Kit Structure Validation","validateInteractiveElement"],"fullName":" Block Kit Structure Validation validateInteractiveElement should validate checkbox elements","status":"passed","title":"should validate checkbox elements","duration":0,"failureMessages":[]},{"ancestorTitles":["","Block Kit Structure Validation","validateInteractiveElement"],"fullName":" Block Kit Structure Validation validateInteractiveElement should validate radio button elements","status":"passed","title":"should validate radio button elements","duration":1,"failureMessages":[]},{"ancestorTitles":["","Block Kit Structure Validation","validateInteractiveElement"],"fullName":" Block Kit Structure Validation validateInteractiveElement should reject invalid interactive elements","status":"passed","title":"should reject invalid interactive elements","duration":0,"failureMessages":[]},{"ancestorTitles":["","Block Kit Structure Validation","validateInteractiveElement"],"fullName":" Block Kit Structure Validation validateInteractiveElement should reject elements without action_id where required","status":"passed","title":"should reject elements without action_id where required","duration":0,"failureMessages":[]},{"ancestorTitles":["","Block Kit Structure Validation","validateInteractiveElement"],"fullName":" Block Kit Structure Validation validateInteractiveElement should reject invalid action_id format","status":"passed","title":"should reject invalid action_id format","duration":0,"failureMessages":[]},{"ancestorTitles":["","Edge Cases and Error Handling"],"fullName":" Edge Cases and Error Handling should handle deeply nested structures","status":"passed","title":"should handle deeply nested structures","duration":0,"failureMessages":[]},{"ancestorTitles":["","Edge Cases and Error Handling"],"fullName":" Edge Cases and Error Handling should handle Unicode and special characters","status":"passed","title":"should handle Unicode and special characters","duration":1,"failureMessages":[]},{"ancestorTitles":["","Edge Cases and Error Handling"],"fullName":" Edge Cases and Error Handling should handle very long action_ids and block_ids","status":"passed","title":"should handle very long action_ids and block_ids","duration":0,"failureMessages":[]},{"ancestorTitles":["","Edge Cases and Error Handling"],"fullName":" Edge Cases and Error Handling should handle malformed JSON-like structures","status":"passed","title":"should handle malformed JSON-like structures","duration":0,"failureMessages":[]},{"ancestorTitles":["","Edge Cases and Error Handling"],"fullName":" Edge Cases and Error Handling should handle circular references gracefully","status":"passed","title":"should handle circular references gracefully","duration":0,"failureMessages":[]}],"startTime":1763484006200,"endTime":1763484006215,"status":"passed","message":"","name":"/Users/hamadriaz/Documents/codebase/ai-sdk-slackbot/tests/block-kit-validation.test.ts"},{"assertionResults":[{"ancestorTitles":["","Business Context - Slack Channel Lookup","Repository - findBySlackChannelId"],"fullName":" Business Context - Slack Channel Lookup Repository - findBySlackChannelId should find business context by Slack channel ID","status":"passed","title":"should find business context by Slack channel ID","duration":2,"failureMessages":[]},{"ancestorTitles":["","Business Context - Slack Channel Lookup","Repository - findBySlackChannelId"],"fullName":" Business Context - Slack Channel Lookup Repository - findBySlackChannelId should return null if channel ID not found","status":"passed","title":"should return null if channel ID not found","duration":1,"failureMessages":[]},{"ancestorTitles":["","Business Context - Slack Channel Lookup","Repository - findBySlackChannelId"],"fullName":" Business Context - Slack Channel Lookup Repository - findBySlackChannelId should return null if database is unavailable","status":"failed","title":"should return null if database is unavailable","duration":4,"failureMessages":["Cannot find module '../lib/db/client'\nRequire stack:\n- /Users/hamadriaz/Documents/codebase/ai-sdk-slackbot/tests/business-context-channel-lookup.test.ts"],"location":{"line":322,"column":14}},{"ancestorTitles":["","Business Context - Slack Channel Lookup","Repository - findBySlackChannelName"],"fullName":" Business Context - Slack Channel Lookup Repository - findBySlackChannelName should find business context by Slack channel name","status":"passed","title":"should find business context by Slack channel name","duration":1,"failureMessages":[]},{"ancestorTitles":["","Business Context - Slack Channel Lookup","Repository - findBySlackChannelName"],"fullName":" Business Context - Slack Channel Lookup Repository - findBySlackChannelName should perform case-insensitive search","status":"passed","title":"should perform case-insensitive search","duration":0,"failureMessages":[]},{"ancestorTitles":["","Business Context - Slack Channel Lookup","Repository - findBySlackChannelName"],"fullName":" Business Context - Slack Channel Lookup Repository - findBySlackChannelName should return null if channel name not found","status":"passed","title":"should return null if channel name not found","duration":0,"failureMessages":[]},{"ancestorTitles":["","Business Context - Slack Channel Lookup","Service - getContextForSlackChannel"],"fullName":" Business Context - Slack Channel Lookup Service - getContextForSlackChannel should prioritize channelId over channelName","status":"passed","title":"should prioritize channelId over channelName","duration":1,"failureMessages":[]},{"ancestorTitles":["","Business Context - Slack Channel Lookup","Service - getContextForSlackChannel"],"fullName":" Business Context - Slack Channel Lookup Service - getContextForSlackChannel should fall back to channelName if channelId fails","status":"passed","title":"should fall back to channelName if channelId fails","duration":20,"failureMessages":[]},{"ancestorTitles":["","Business Context - Slack Channel Lookup","Service - getContextForSlackChannel"],"fullName":" Business Context - Slack Channel Lookup Service - getContextForSlackChannel should return null if neither channelId nor channelName found","status":"passed","title":"should return null if neither channelId nor channelName found","duration":1,"failureMessages":[]},{"ancestorTitles":["","Business Context - Slack Channel Lookup","Service - getContextForSlackChannel"],"fullName":" Business Context - Slack Channel Lookup Service - getContextForSlackChannel should handle missing channelName parameter","status":"passed","title":"should handle missing channelName parameter","duration":0,"failureMessages":[]},{"ancestorTitles":["","Business Context - Slack Channel Lookup","Integration - Full Flow"],"fullName":" Business Context - Slack Channel Lookup Integration - Full Flow should enable automatic client detection in Slack bot","status":"passed","title":"should enable automatic client detection in Slack bot","duration":1,"failureMessages":[]},{"ancestorTitles":["","Business Context - Slack Channel Lookup","Integration - Full Flow"],"fullName":" Business Context - Slack Channel Lookup Integration - Full Flow should handle multiple channels for same client","status":"passed","title":"should handle multiple channels for same client","duration":1,"failureMessages":[]},{"ancestorTitles":["","Business Context - Slack Channel Lookup","Error Handling"],"fullName":" Business Context - Slack Channel Lookup Error Handling should handle database errors gracefully in channelId lookup","status":"passed","title":"should handle database errors gracefully in channelId lookup","duration":1,"failureMessages":[]},{"ancestorTitles":["","Business Context - Slack Channel Lookup","Error Handling"],"fullName":" Business Context - Slack Channel Lookup Error Handling should handle database errors gracefully in channelName lookup","status":"passed","title":"should handle database errors gracefully in channelName lookup","duration":1,"failureMessages":[]},{"ancestorTitles":["","Business Context - Slack Channel Lookup","Error Handling"],"fullName":" Business Context - Slack Channel Lookup Error Handling should handle malformed slackChannels data","status":"passed","title":"should handle malformed slackChannels data","duration":0,"failureMessages":[]}],"startTime":1763484010824,"endTime":1763484010858,"status":"failed","message":"","name":"/Users/hamadriaz/Documents/codebase/ai-sdk-slackbot/tests/business-context-channel-lookup.test.ts"},{"assertionResults":[{"ancestorTitles":["","Case Aggregator Service"],"fullName":" Case Aggregator Service handles empty dataset gracefully","status":"passed","title":"handles empty dataset gracefully","duration":1,"failureMessages":[]},{"ancestorTitles":["","Case Aggregator Service"],"fullName":" Case Aggregator Service aggregates all cases under a single assignee correctly","status":"passed","title":"aggregates all cases under a single assignee correctly","duration":2,"failureMessages":[]},{"ancestorTitles":["","Case Aggregator Service"],"fullName":" Case Aggregator Service falls back to openedAt when updatedOn is missing for stale detection","status":"passed","title":"falls back to openedAt when updatedOn is missing for stale detection","duration":0,"failureMessages":[]},{"ancestorTitles":["","Case Aggregator Service"],"fullName":" Case Aggregator Service correctly identifies threshold edge cases","status":"passed","title":"correctly identifies threshold edge cases","duration":0,"failureMessages":[]},{"ancestorTitles":["","Case Aggregator Service"],"fullName":" Case Aggregator Service sorts by oldest opened date","status":"passed","title":"sorts by oldest opened date","duration":0,"failureMessages":[]},{"ancestorTitles":["","Case Aggregator Service"],"fullName":" Case Aggregator Service groups by assignment group","status":"passed","title":"groups by assignment group","duration":0,"failureMessages":[]},{"ancestorTitles":["","Case Aggregator Service"],"fullName":" Case Aggregator Service aggregates by priority order","status":"passed","title":"aggregates by priority order","duration":0,"failureMessages":[]},{"ancestorTitles":["","Case Aggregator Service"],"fullName":" Case Aggregator Service processes 50 cases within performance budget","status":"passed","title":"processes 50 cases within performance budget","duration":1,"failureMessages":[]}],"startTime":1763484013822,"endTime":1763484013827,"status":"passed","message":"","name":"/Users/hamadriaz/Documents/codebase/ai-sdk-slackbot/tests/case-aggregator.test.ts"},{"assertionResults":[{"ancestorTitles":["","CaseDataService","isConfigured"],"fullName":" CaseDataService isConfigured should return true when ServiceNow is configured","status":"passed","title":"should return true when ServiceNow is configured","duration":2,"failureMessages":[]},{"ancestorTitles":["","CaseDataService","isConfigured"],"fullName":" CaseDataService isConfigured should return false when ServiceNow is not configured","status":"passed","title":"should return false when ServiceNow is not configured","duration":0,"failureMessages":[]},{"ancestorTitles":["","CaseDataService","getCase"],"fullName":" CaseDataService getCase should fetch a case by case number","status":"passed","title":"should fetch a case by case number","duration":1,"failureMessages":[]},{"ancestorTitles":["","CaseDataService","getCase"],"fullName":" CaseDataService getCase should return null when ServiceNow is not configured","status":"passed","title":"should return null when ServiceNow is not configured","duration":1,"failureMessages":[]},{"ancestorTitles":["","CaseDataService","getCase"],"fullName":" CaseDataService getCase should return null on error","status":"passed","title":"should return null on error","duration":1,"failureMessages":[]},{"ancestorTitles":["","CaseDataService","getCase"],"fullName":" CaseDataService getCase should handle case not found","status":"passed","title":"should handle case not found","duration":1,"failureMessages":[]},{"ancestorTitles":["","CaseDataService","getCaseBySysId"],"fullName":" CaseDataService getCaseBySysId should fetch a case by sys_id","status":"passed","title":"should fetch a case by sys_id","duration":0,"failureMessages":[]},{"ancestorTitles":["","CaseDataService","getCaseBySysId"],"fullName":" CaseDataService getCaseBySysId should return null when ServiceNow is not configured","status":"passed","title":"should return null when ServiceNow is not configured","duration":0,"failureMessages":[]},{"ancestorTitles":["","CaseDataService","getCaseBySysId"],"fullName":" CaseDataService getCaseBySysId should return null on error","status":"passed","title":"should return null on error","duration":1,"failureMessages":[]},{"ancestorTitles":["","CaseDataService","getCaseJournal"],"fullName":" CaseDataService getCaseJournal should fetch journal entries","status":"passed","title":"should fetch journal entries","duration":0,"failureMessages":[]},{"ancestorTitles":["","CaseDataService","getCaseJournal"],"fullName":" CaseDataService getCaseJournal should respect limit option","status":"passed","title":"should respect limit option","duration":1,"failureMessages":[]},{"ancestorTitles":["","CaseDataService","getCaseJournal"],"fullName":" CaseDataService getCaseJournal should return empty array when ServiceNow is not configured","status":"passed","title":"should return empty array when ServiceNow is not configured","duration":0,"failureMessages":[]},{"ancestorTitles":["","CaseDataService","getCaseJournal"],"fullName":" CaseDataService getCaseJournal should return empty array on error","status":"passed","title":"should return empty array on error","duration":1,"failureMessages":[]},{"ancestorTitles":["","CaseDataService","getCaseWithJournal"],"fullName":" CaseDataService getCaseWithJournal should fetch case and journal together","status":"passed","title":"should fetch case and journal together","duration":0,"failureMessages":[]},{"ancestorTitles":["","CaseDataService","getCaseWithJournal"],"fullName":" CaseDataService getCaseWithJournal should respect journalLimit option","status":"passed","title":"should respect journalLimit option","duration":0,"failureMessages":[]},{"ancestorTitles":["","CaseDataService","getCaseWithJournal"],"fullName":" CaseDataService getCaseWithJournal should return null when case not found","status":"passed","title":"should return null when case not found","duration":0,"failureMessages":[]},{"ancestorTitles":["","CaseDataService","getCaseWithJournal"],"fullName":" CaseDataService getCaseWithJournal should still return case even if journal fails","status":"passed","title":"should still return case even if journal fails","duration":1,"failureMessages":[]},{"ancestorTitles":["","CaseDataService","isResolved"],"fullName":" CaseDataService isResolved should return true for resolved cases","status":"passed","title":"should return true for resolved cases","duration":0,"failureMessages":[]},{"ancestorTitles":["","CaseDataService","isResolved"],"fullName":" CaseDataService isResolved should return true for closed cases","status":"passed","title":"should return true for closed cases","duration":0,"failureMessages":[]},{"ancestorTitles":["","CaseDataService","isResolved"],"fullName":" CaseDataService isResolved should return true for cancelled cases","status":"passed","title":"should return true for cancelled cases","duration":0,"failureMessages":[]},{"ancestorTitles":["","CaseDataService","isResolved"],"fullName":" CaseDataService isResolved should return false for active cases","status":"passed","title":"should return false for active cases","duration":1,"failureMessages":[]},{"ancestorTitles":["","CaseDataService","isResolved"],"fullName":" CaseDataService isResolved should return false when case not found","status":"passed","title":"should return false when case not found","duration":0,"failureMessages":[]},{"ancestorTitles":["","CaseDataService","getCaseSafely"],"fullName":" CaseDataService getCaseSafely should return case data","status":"passed","title":"should return case data","duration":0,"failureMessages":[]},{"ancestorTitles":["","CaseDataService","getCaseSafely"],"fullName":" CaseDataService getCaseSafely should return null on error without throwing","status":"passed","title":"should return null on error without throwing","duration":0,"failureMessages":[]},{"ancestorTitles":["","CaseDataService","getCases"],"fullName":" CaseDataService getCases should fetch multiple cases in parallel","status":"passed","title":"should fetch multiple cases in parallel","duration":0,"failureMessages":[]},{"ancestorTitles":["","CaseDataService","getCases"],"fullName":" CaseDataService getCases should handle some cases not found","status":"passed","title":"should handle some cases not found","duration":0,"failureMessages":[]},{"ancestorTitles":["","CaseDataService","getCases"],"fullName":" CaseDataService getCases should handle empty array","status":"passed","title":"should handle empty array","duration":0,"failureMessages":[]},{"ancestorTitles":["","CaseDataService","getCases"],"fullName":" CaseDataService getCases should handle errors gracefully","status":"passed","title":"should handle errors gracefully","duration":1,"failureMessages":[]},{"ancestorTitles":["","CaseDataService","Singleton pattern"],"fullName":" CaseDataService Singleton pattern should return the same instance","status":"passed","title":"should return the same instance","duration":1,"failureMessages":[]},{"ancestorTitles":["","CaseDataService","Singleton pattern"],"fullName":" CaseDataService Singleton pattern should reset instance","status":"passed","title":"should reset instance","duration":0,"failureMessages":[]},{"ancestorTitles":["","CaseDataService","Singleton pattern"],"fullName":" CaseDataService Singleton pattern should allow setting custom instance","status":"passed","title":"should allow setting custom instance","duration":0,"failureMessages":[]}],"startTime":1763484010406,"endTime":1763484010420,"status":"passed","message":"","name":"/Users/hamadriaz/Documents/codebase/ai-sdk-slackbot/tests/case-data.test.ts"},{"assertionResults":[{"ancestorTitles":["","CaseSearchService","searchWithMetadata"],"fullName":" CaseSearchService searchWithMetadata should return results with pagination metadata","status":"passed","title":"should return results with pagination metadata","duration":3,"failureMessages":[]},{"ancestorTitles":["","CaseSearchService","searchWithMetadata"],"fullName":" CaseSearchService searchWithMetadata should indicate hasMore when hitting limit","status":"passed","title":"should indicate hasMore when hitting limit","duration":0,"failureMessages":[]},{"ancestorTitles":["","CaseSearchService","searchWithMetadata"],"fullName":" CaseSearchService searchWithMetadata should handle pagination offset correctly","status":"passed","title":"should handle pagination offset correctly","duration":1,"failureMessages":[]},{"ancestorTitles":["","CaseSearchService","searchWithMetadata"],"fullName":" CaseSearchService searchWithMetadata should apply default limit of 25","status":"passed","title":"should apply default limit of 25","duration":1,"failureMessages":[]},{"ancestorTitles":["","CaseSearchService","searchWithMetadata"],"fullName":" CaseSearchService searchWithMetadata should cap limit at 50","status":"passed","title":"should cap limit at 50","duration":1,"failureMessages":[]},{"ancestorTitles":["","CaseSearchService","searchWithMetadata"],"fullName":" CaseSearchService searchWithMetadata should handle search errors gracefully","status":"passed","title":"should handle search errors gracefully","duration":8,"failureMessages":[]},{"ancestorTitles":["","CaseSearchService","searchWithMetadata"],"fullName":" CaseSearchService searchWithMetadata should pass all filters to repository","status":"passed","title":"should pass all filters to repository","duration":1,"failureMessages":[]},{"ancestorTitles":["","CaseSearchService","findStaleCases"],"fullName":" CaseSearchService findStaleCases should find cases with no updates in 7 days","status":"passed","title":"should find cases with no updates in 7 days","duration":0,"failureMessages":[]},{"ancestorTitles":["","CaseSearchService","findStaleCases"],"fullName":" CaseSearchService findStaleCases should use custom stale threshold","status":"passed","title":"should use custom stale threshold","duration":1,"failureMessages":[]},{"ancestorTitles":["","CaseSearchService","findOldestCases"],"fullName":" CaseSearchService findOldestCases should return oldest open cases","status":"passed","title":"should return oldest open cases","duration":1,"failureMessages":[]},{"ancestorTitles":["","CaseSearchService","buildFilterSummary"],"fullName":" CaseSearchService buildFilterSummary should build human-readable filter summary","status":"passed","title":"should build human-readable filter summary","duration":0,"failureMessages":[]},{"ancestorTitles":["","CaseSearchService","buildFilterSummary"],"fullName":" CaseSearchService buildFilterSummary should handle empty filters","status":"passed","title":"should handle empty filters","duration":1,"failureMessages":[]},{"ancestorTitles":["","CaseSearchService","buildFilterSummary"],"fullName":" CaseSearchService buildFilterSummary should format date filters","status":"passed","title":"should format date filters","duration":0,"failureMessages":[]},{"ancestorTitles":["","CaseSearchService","buildFilterSummary"],"fullName":" CaseSearchService buildFilterSummary should handle keyword filter","status":"passed","title":"should handle keyword filter","duration":0,"failureMessages":[]},{"ancestorTitles":["","CaseSearchService","search (legacy method)"],"fullName":" CaseSearchService search (legacy method) should return cases array for backward compatibility","status":"passed","title":"should return cases array for backward compatibility","duration":1,"failureMessages":[]},{"ancestorTitles":["","CaseSearchService","suggestCustomerNames"],"fullName":" CaseSearchService suggestCustomerNames should provide unique suggestions from customer account repository","status":"passed","title":"should provide unique suggestions from customer account repository","duration":0,"failureMessages":[]},{"ancestorTitles":["","CaseSearchService","suggestCustomerNames"],"fullName":" CaseSearchService suggestCustomerNames should handle repository failures gracefully","status":"passed","title":"should handle repository failures gracefully","duration":1,"failureMessages":[]},{"ancestorTitles":["","CaseSearchService","Edge Cases"],"fullName":" CaseSearchService Edge Cases should handle empty result set","status":"passed","title":"should handle empty result set","duration":0,"failureMessages":[]},{"ancestorTitles":["","CaseSearchService","Edge Cases"],"fullName":" CaseSearchService Edge Cases should handle invalid date strings gracefully","status":"passed","title":"should handle invalid date strings gracefully","duration":1,"failureMessages":[]},{"ancestorTitles":["","CaseSearchService","Edge Cases"],"fullName":" CaseSearchService Edge Cases should handle repository returning null/undefined","status":"passed","title":"should handle repository returning null/undefined","duration":0,"failureMessages":[]}],"startTime":1763484008648,"endTime":1763484008669,"status":"passed","message":"","name":"/Users/hamadriaz/Documents/codebase/ai-sdk-slackbot/tests/case-search-service.test.ts"},{"assertionResults":[{"ancestorTitles":["","Case Search UI Builder","buildSearchResultsMessage"],"fullName":" Case Search UI Builder buildSearchResultsMessage should build search results with cases","status":"passed","title":"should build search results with cases","duration":6,"failureMessages":[]},{"ancestorTitles":["","Case Search UI Builder","buildSearchResultsMessage"],"fullName":" Case Search UI Builder buildSearchResultsMessage should show no results message when empty","status":"passed","title":"should show no results message when empty","duration":0,"failureMessages":[]},{"ancestorTitles":["","Case Search UI Builder","buildSearchResultsMessage"],"fullName":" Case Search UI Builder buildSearchResultsMessage should show pagination when hasMore is true","status":"passed","title":"should show pagination when hasMore is true","duration":1,"failureMessages":[]},{"ancestorTitles":["","Case Search UI Builder","buildSearchResultsMessage"],"fullName":" Case Search UI Builder buildSearchResultsMessage should sanitize all user-provided data","status":"passed","title":"should sanitize all user-provided data","duration":0,"failureMessages":[]},{"ancestorTitles":["","Case Search UI Builder","buildSearchResultsMessage"],"fullName":" Case Search UI Builder buildSearchResultsMessage should respect block count limit","status":"passed","title":"should respect block count limit","duration":3,"failureMessages":[]},{"ancestorTitles":["","Case Search UI Builder","buildWorkloadSummaryMessage"],"fullName":" Case Search UI Builder buildWorkloadSummaryMessage should build workload distribution","status":"passed","title":"should build workload distribution","duration":0,"failureMessages":[]},{"ancestorTitles":["","Case Search UI Builder","buildWorkloadSummaryMessage"],"fullName":" Case Search UI Builder buildWorkloadSummaryMessage should handle empty workload list","status":"passed","title":"should handle empty workload list","duration":0,"failureMessages":[]},{"ancestorTitles":["","Case Search UI Builder","buildOldestCaseMessage"],"fullName":" Case Search UI Builder buildOldestCaseMessage should highlight oldest cases","status":"passed","title":"should highlight oldest cases","duration":1,"failureMessages":[]},{"ancestorTitles":["","Case Search UI Builder","buildOldestCaseMessage"],"fullName":" Case Search UI Builder buildOldestCaseMessage should handle empty oldest list","status":"passed","title":"should handle empty oldest list","duration":0,"failureMessages":[]},{"ancestorTitles":["","Case Search UI Builder","buildStaleCasesMessage"],"fullName":" Case Search UI Builder buildStaleCasesMessage should build stale cases alert with threshold chips","status":"passed","title":"should build stale cases alert with threshold chips","duration":1,"failureMessages":[]},{"ancestorTitles":["","Case Search UI Builder","buildStaleCasesMessage"],"fullName":" Case Search UI Builder buildStaleCasesMessage should highlight active threshold","status":"passed","title":"should highlight active threshold","duration":0,"failureMessages":[]},{"ancestorTitles":["","Case Search UI Builder","buildStaleCasesMessage"],"fullName":" Case Search UI Builder buildStaleCasesMessage should show no stale cases message when empty","status":"passed","title":"should show no stale cases message when empty","duration":0,"failureMessages":[]},{"ancestorTitles":["","Case Search UI Builder","buildFilterPromptMessage"],"fullName":" Case Search UI Builder buildFilterPromptMessage should build filter prompt with suggestions","status":"passed","title":"should build filter prompt with suggestions","duration":1,"failureMessages":[]},{"ancestorTitles":["","Case Search UI Builder","buildFilterPromptMessage"],"fullName":" Case Search UI Builder buildFilterPromptMessage should sanitize original query","status":"passed","title":"should sanitize original query","duration":0,"failureMessages":[]},{"ancestorTitles":["","Case Search UI Builder","buildPriorityDistributionMessage"],"fullName":" Case Search UI Builder buildPriorityDistributionMessage should build priority distribution","status":"passed","title":"should build priority distribution","duration":0,"failureMessages":[]},{"ancestorTitles":["","Case Search UI Builder","buildQueueDistributionMessage"],"fullName":" Case Search UI Builder buildQueueDistributionMessage should build queue distribution","status":"passed","title":"should build queue distribution","duration":0,"failureMessages":[]},{"ancestorTitles":["","Case Search UI Builder","Block Kit Validation"],"fullName":" Case Search UI Builder Block Kit Validation should not exceed 50 block limit for search results","status":"passed","title":"should not exceed 50 block limit for search results","duration":2,"failureMessages":[]},{"ancestorTitles":["","Case Search UI Builder","Block Kit Validation"],"fullName":" Case Search UI Builder Block Kit Validation should use MessageEmojis constants (no hardcoded emojis)","status":"passed","title":"should use MessageEmojis constants (no hardcoded emojis)","duration":1,"failureMessages":[]},{"ancestorTitles":["","Case Search UI Builder","Block Kit Validation"],"fullName":" Case Search UI Builder Block Kit Validation should sanitize all case data in blocks","status":"passed","title":"should sanitize all case data in blocks","duration":0,"failureMessages":[]},{"ancestorTitles":["","Case Search UI Builder","Block Kit Validation"],"fullName":" Case Search UI Builder Block Kit Validation should include proper action_id on all buttons","status":"passed","title":"should include proper action_id on all buttons","duration":1,"failureMessages":[]},{"ancestorTitles":["","Case Search UI Builder","Block Kit Validation"],"fullName":" Case Search UI Builder Block Kit Validation should include block_id on all actions blocks","status":"passed","title":"should include block_id on all actions blocks","duration":0,"failureMessages":[]},{"ancestorTitles":["","Case Search UI Builder","Stale Cases Threshold Chips"],"fullName":" Case Search UI Builder Stale Cases Threshold Chips should create 5 threshold buttons","status":"passed","title":"should create 5 threshold buttons","duration":1,"failureMessages":[]},{"ancestorTitles":["","Case Search UI Builder","Stale Cases Threshold Chips"],"fullName":" Case Search UI Builder Stale Cases Threshold Chips should mark current threshold as primary","status":"passed","title":"should mark current threshold as primary","duration":0,"failureMessages":[]},{"ancestorTitles":["","Case Search UI Builder","Stale Cases Threshold Chips"],"fullName":" Case Search UI Builder Stale Cases Threshold Chips should have action_id on threshold buttons","status":"passed","title":"should have action_id on threshold buttons","duration":1,"failureMessages":[]},{"ancestorTitles":["","Case Search UI Builder","Filter Prompt Suggestions"],"fullName":" Case Search UI Builder Filter Prompt Suggestions should limit customer suggestions to 5","status":"passed","title":"should limit customer suggestions to 5","duration":0,"failureMessages":[]},{"ancestorTitles":["","Case Search UI Builder","Filter Prompt Suggestions"],"fullName":" Case Search UI Builder Filter Prompt Suggestions should sanitize customer and queue names","status":"passed","title":"should sanitize customer and queue names","duration":0,"failureMessages":[]},{"ancestorTitles":["","Case Search UI Builder","Accessibility"],"fullName":" Case Search UI Builder Accessibility should use priority emojis with text labels","status":"passed","title":"should use priority emojis with text labels","duration":0,"failureMessages":[]},{"ancestorTitles":["","Case Search UI Builder","Snapshot Consistency"],"fullName":" Case Search UI Builder Snapshot Consistency should produce consistent output for same input","status":"passed","title":"should produce consistent output for same input","duration":1,"failureMessages":[]}],"startTime":1763484006076,"endTime":1763484006098,"status":"passed","message":"","name":"/Users/hamadriaz/Documents/codebase/ai-sdk-slackbot/tests/case-search-ui.test.ts"},{"assertionResults":[{"ancestorTitles":["","CaseTriageService","Incident Creation"],"fullName":" CaseTriageService Incident Creation should create Incident when record type suggestion is Incident","status":"passed","title":"should create Incident when record type suggestion is Incident","duration":9,"failureMessages":[]},{"ancestorTitles":["","CaseTriageService","Incident Creation"],"fullName":" CaseTriageService Incident Creation should create Problem when record type suggestion is Problem","status":"passed","title":"should create Problem when record type suggestion is Problem","duration":2,"failureMessages":[]},{"ancestorTitles":["","CaseTriageService","Incident Creation"],"fullName":" CaseTriageService Incident Creation should not create Incident for Change suggestion","status":"passed","title":"should not create Incident for Change suggestion","duration":1,"failureMessages":[]},{"ancestorTitles":["","CaseTriageService","Incident Creation"],"fullName":" CaseTriageService Incident Creation should handle incident creation failure gracefully","status":"passed","title":"should handle incident creation failure gracefully","duration":2,"failureMessages":[]},{"ancestorTitles":["","CaseTriageService","Incident Creation"],"fullName":" CaseTriageService Incident Creation should use fallback categories when incident-specific categories not available","status":"passed","title":"should use fallback categories when incident-specific categories not available","duration":1,"failureMessages":[]},{"ancestorTitles":["","CaseTriageService","Catalog Redirect Integration"],"fullName":" CaseTriageService Catalog Redirect Integration should perform catalog redirect when HR request detected","status":"passed","title":"should perform catalog redirect when HR request detected","duration":1,"failureMessages":[]},{"ancestorTitles":["","CaseTriageService","Catalog Redirect Integration"],"fullName":" CaseTriageService Catalog Redirect Integration should not perform catalog redirect when incident created","status":"passed","title":"should not perform catalog redirect when incident created","duration":2,"failureMessages":[]},{"ancestorTitles":["","CaseTriageService","Catalog Redirect Integration"],"fullName":" CaseTriageService Catalog Redirect Integration should handle catalog redirect failure gracefully","status":"passed","title":"should handle catalog redirect failure gracefully","duration":2,"failureMessages":[]},{"ancestorTitles":["","getCaseTriageService"],"fullName":" getCaseTriageService should return singleton instance","status":"passed","title":"should return singleton instance","duration":0,"failureMessages":[]}],"startTime":1763484005651,"endTime":1763484005672,"status":"passed","message":"","name":"/Users/hamadriaz/Documents/codebase/ai-sdk-slackbot/tests/case-triage-service.test.ts"},{"assertionResults":[{"ancestorTitles":["","CatalogRedirectHandler","processCase"],"fullName":" CatalogRedirectHandler processCase should redirect HR request with high confidence","status":"passed","title":"should redirect HR request with high confidence","duration":7,"failureMessages":[]},{"ancestorTitles":["","CatalogRedirectHandler","processCase"],"fullName":" CatalogRedirectHandler processCase should not redirect when confidence is below threshold","status":"passed","title":"should not redirect when confidence is below threshold","duration":1,"failureMessages":[]},{"ancestorTitles":["","CatalogRedirectHandler","processCase"],"fullName":" CatalogRedirectHandler processCase should not redirect when handler is disabled","status":"passed","title":"should not redirect when handler is disabled","duration":0,"failureMessages":[]},{"ancestorTitles":["","CatalogRedirectHandler","processCase"],"fullName":" CatalogRedirectHandler processCase should handle catalog item fetch failure gracefully","status":"passed","title":"should handle catalog item fetch failure gracefully","duration":2,"failureMessages":[]},{"ancestorTitles":["","CatalogRedirectHandler","processCase"],"fullName":" CatalogRedirectHandler processCase should handle work note addition failure","status":"passed","title":"should handle work note addition failure","duration":1,"failureMessages":[]},{"ancestorTitles":["","CatalogRedirectHandler","processCase"],"fullName":" CatalogRedirectHandler processCase should use client-specific settings when available","status":"passed","title":"should use client-specific settings when available","duration":2,"failureMessages":[]},{"ancestorTitles":["","CatalogRedirectHandler","processCase"],"fullName":" CatalogRedirectHandler processCase should fall back to keyword search when exact catalog item not found","status":"passed","title":"should fall back to keyword search when exact catalog item not found","duration":1,"failureMessages":[]},{"ancestorTitles":["","CatalogRedirectHandler","testRedirect"],"fullName":" CatalogRedirectHandler testRedirect should return wouldRedirect true for HR request above threshold","status":"passed","title":"should return wouldRedirect true for HR request above threshold","duration":0,"failureMessages":[]},{"ancestorTitles":["","CatalogRedirectHandler","testRedirect"],"fullName":" CatalogRedirectHandler testRedirect should return wouldRedirect false for non-HR request","status":"passed","title":"should return wouldRedirect fal
[...]
"duration":0,"failureMessages":[]},{"ancestorTitles":["","ServiceNowCatalogTaskRepository","findActive"],"fullName":" ServiceNowCatalogTaskRepository findActive should fetch only active catalog tasks","status":"passed","title":"should fetch only active catalog tasks","duration":1,"failureMessages":[]},{"ancestorTitles":["","ServiceNowCatalogTaskRepository","search"],"fullName":" ServiceNowCatalogTaskRepository search should search with multiple criteria","status":"passed","title":"should search with multiple criteria","duration":0,"failureMessages":[]},{"ancestorTitles":["","ServiceNowCatalogTaskRepository","search"],"fullName":" ServiceNowCatalogTaskRepository search should build query with request filter","status":"passed","title":"should build query with request filter","duration":1,"failureMessages":[]},{"ancestorTitles":["","ServiceNowCatalogTaskRepository","findByState"],"fullName":" ServiceNowCatalogTaskRepository findByState should fetch tasks by state","status":"passed","title":"should fetch tasks by state","duration":0,"failureMessages":[]}],"startTime":1763484012581,"endTime":1763484012590,"status":"passed","message":"","name":"/Users/hamadriaz/Documents/codebase/ai-sdk-slackbot/tests/lib/infrastructure/servicenow/repositories/catalog-task-repository.impl.test.ts"},{"assertionResults":[{"ancestorTitles":["","ChangeRepository","fetchChanges"],"fullName":" ChangeRepository fetchChanges should fetch all changes without filter","status":"passed","title":"should fetch all changes without filter","duration":3,"failureMessages":[]},{"ancestorTitles":["","ChangeRepository","fetchChanges"],"fullName":" ChangeRepository fetchChanges should fetch changes with string query","status":"passed","title":"should fetch changes with string query","duration":0,"failureMessages":[]},{"ancestorTitles":["","ChangeRepository","fetchChanges"],"fullName":" ChangeRepository fetchChanges should fetch changes with object query","status":"passed","title":"should fetch changes with object query","duration":1,"failureMessages":[]},{"ancestorTitles":["","ChangeRepository","fetchChanges"],"fullName":" ChangeRepository fetchChanges should support pagination options","status":"passed","title":"should support pagination options","duration":0,"failureMessages":[]},{"ancestorTitles":["","ChangeRepository","fetchChanges"],"fullName":" ChangeRepository fetchChanges should support field selection","status":"passed","title":"should support field selection","duration":1,"failureMessages":[]},{"ancestorTitles":["","ChangeRepository","fetchChanges"],"fullName":" ChangeRepository fetchChanges should encode query properly","status":"passed","title":"should encode query properly","duration":0,"failureMessages":[]},{"ancestorTitles":["","ChangeRepository","fetchChanges"],"fullName":" ChangeRepository fetchChanges should return array of changes","status":"passed","title":"should return array of changes","duration":0,"failureMessages":[]},{"ancestorTitles":["","ChangeRepository","fetchChangeById"],"fullName":" ChangeRepository fetchChangeById should fetch change by sys_id","status":"passed","title":"should fetch change by sys_id","duration":1,"failureMessages":[]},{"ancestorTitles":["","ChangeRepository","fetchChangeById"],"fullName":" ChangeRepository fetchChangeById should return null if not found","status":"passed","title":"should return null if not found","duration":0,"failureMessages":[]},{"ancestorTitles":["","ChangeRepository","fetchChangeById"],"fullName":" ChangeRepository fetchChangeById should return change with all fields","status":"passed","title":"should return change with all fields","duration":0,"failureMessages":[]},{"ancestorTitles":["","ChangeRepository","fetchChangeById"],"fullName":" ChangeRepository fetchChangeById should use direct ID lookup for performance","status":"passed","title":"should use direct ID lookup for performance","duration":1,"failureMessages":[]},{"ancestorTitles":["","ChangeRepository","fetchChangeByNumber"],"fullName":" ChangeRepository fetchChangeByNumber should fetch change by change number","status":"passed","title":"should fetch change by change number","duration":1,"failureMessages":[]},{"ancestorTitles":["","ChangeRepository","fetchChangeByNumber"],"fullName":" ChangeRepository fetchChangeByNumber should return first change if multiple results","status":"passed","title":"should return first change if multiple results","duration":1,"failureMessages":[]},{"ancestorTitles":["","ChangeRepository","fetchChangeByNumber"],"fullName":" ChangeRepository fetchChangeByNumber should return null if not found","status":"passed","title":"should return null if not found","duration":0,"failureMessages":[]},{"ancestorTitles":["","ChangeRepository","fetchChangeByNumber"],"fullName":" ChangeRepository fetchChangeByNumber should use query to filter by number","status":"passed","title":"should use query to filter by number","duration":1,"failureMessages":[]},{"ancestorTitles":["","ChangeRepository","fetchStateTransitions"],"fullName":" ChangeRepository fetchStateTransitions should fetch state transitions for a change","status":"passed","title":"should fetch state transitions for a change","duration":1,"failureMessages":[]},{"ancestorTitles":["","ChangeRepository","fetchStateTransitions"],"fullName":" ChangeRepository fetchStateTransitions should filter by change sys_id","status":"passed","title":"should filter by change sys_id","duration":0,"failureMessages":[]},{"ancestorTitles":["","ChangeRepository","fetchStateTransitions"],"fullName":" ChangeRepository fetchStateTransitions should return transitions in chronological order","status":"passed","title":"should return transitions in chronological order","duration":1,"failureMessages":[]},{"ancestorTitles":["","ChangeRepository","fetchComponentReferences"],"fullName":" ChangeRepository fetchComponentReferences should fetch components referenced in change","status":"passed","title":"should fetch components referenced in change","duration":1,"failureMessages":[]},{"ancestorTitles":["","ChangeRepository","fetchComponentReferences"],"fullName":" ChangeRepository fetchComponentReferences should filter by change request sys_id","status":"passed","title":"should filter by change request sys_id","duration":0,"failureMessages":[]},{"ancestorTitles":["","ChangeRepository","fetchComponentReferences"],"fullName":" ChangeRepository fetchComponentReferences should include CI references","status":"passed","title":"should include CI references","duration":0,"failureMessages":[]},{"ancestorTitles":["","ChangeRepository","fetchWorkNotes"],"fullName":" ChangeRepository fetchWorkNotes should fetch work notes for a change","status":"passed","title":"should fetch work notes for a change","duration":1,"failureMessages":[]},{"ancestorTitles":["","ChangeRepository","fetchWorkNotes"],"fullName":" ChangeRepository fetchWorkNotes should filter by element_id and element name","status":"passed","title":"should filter by element_id and element name","duration":0,"failureMessages":[]},{"ancestorTitles":["","ChangeRepository","fetchWorkNotes"],"fullName":" ChangeRepository fetchWorkNotes should return notes in creation order","status":"passed","title":"should return notes in creation order","duration":1,"failureMessages":[]},{"ancestorTitles":["","ChangeRepository","fetchComments"],"fullName":" ChangeRepository fetchComments should fetch comments for a change","status":"passed","title":"should fetch comments for a change","duration":0,"failureMessages":[]},{"ancestorTitles":["","ChangeRepository","fetchComments"],"fullName":" ChangeRepository fetchComments should filter by comments element","status":"passed","title":"should filter by comments element","duration":1,"failureMessages":[]},{"ancestorTitles":["","ChangeRepository","fetchComments"],"fullName":" ChangeRepository fetchComments should distinguish from work notes","status":"passed","title":"should distinguish from work notes","duration":0,"failureMessages":[]},{"ancestorTitles":["","ChangeRepository","fetchAttachments"],"fullName":" ChangeRepository fetchAttachments should fetch attachments for a change","status":"passed","title":"should fetch attachments for a change","duration":1,"failureMessages":[]},{"ancestorTitles":["","ChangeRepository","fetchAttachments"],"fullName":" ChangeRepository fetchAttachments should filter by table and sys_id","status":"passed","title":"should filter by table and sys_id","duration":1,"failureMessages":[]},{"ancestorTitles":["","ChangeRepository","fetchAttachments"],"fullName":" ChangeRepository fetchAttachments should include file metadata","status":"passed","title":"should include file metadata","duration":0,"failureMessages":[]},{"ancestorTitles":["","ChangeRepository","fetchStandardChanges"],"fullName":" ChangeRepository fetchStandardChanges should fetch only standard changes","status":"passed","title":"should fetch only standard changes","duration":2,"failureMessages":[]},{"ancestorTitles":["","ChangeRepository","fetchStandardChanges"],"fullName":" ChangeRepository fetchStandardChanges should filter to active changes only","status":"passed","title":"should filter to active changes only","duration":1,"failureMessages":[]},{"ancestorTitles":["","ChangeRepository","fetchStandardChanges"],"fullName":" ChangeRepository fetchStandardChanges should support additional query options","status":"passed","title":"should support additional query options","duration":0,"failureMessages":[]},{"ancestorTitles":["","ChangeRepository","fetchStandardChanges"],"fullName":" ChangeRepository fetchStandardChanges should return only standard change type records","status":"passed","title":"should return only standard change type records","duration":0,"failureMessages":[]},{"ancestorTitles":["","ChangeRepository","createChange"],"fullName":" ChangeRepository createChange should create new change request","status":"passed","title":"should create new change request","duration":1,"failureMessages":[]},{"ancestorTitles":["","ChangeRepository","createChange"],"fullName":" ChangeRepository createChange should return created record with sys_id","status":"passed","title":"should return created record with sys_id","duration":0,"failureMessages":[]},{"ancestorTitles":["","ChangeRepository","createChange"],"fullName":" ChangeRepository createChange should include all provided fields","status":"passed","title":"should include all provided fields","duration":1,"failureMessages":[]},{"ancestorTitles":["","ChangeRepository","updateChange"],"fullName":" ChangeRepository updateChange should update existing change","status":"passed","title":"should update existing change","duration":0,"failureMessages":[]},{"ancestorTitles":["","ChangeRepository","updateChange"],"fullName":" ChangeRepository updateChange should return updated record","status":"passed","title":"should return updated record","duration":1,"failureMessages":[]},{"ancestorTitles":["","ChangeRepository","updateChange"],"fullName":" ChangeRepository updateChange should only update specified fields","status":"passed","title":"should only update specified fields","duration":0,"failureMessages":[]},{"ancestorTitles":["","ChangeRepository","addWorkNote"],"fullName":" ChangeRepository addWorkNote should add work note to change","status":"passed","title":"should add work note to change","duration":1,"failureMessages":[]},{"ancestorTitles":["","ChangeRepository","addWorkNote"],"fullName":" ChangeRepository addWorkNote should create journal field entry","status":"passed","title":"should create journal field entry","duration":0,"failureMessages":[]},{"ancestorTitles":["","ChangeRepository","addWorkNote"],"fullName":" ChangeRepository addWorkNote should set element to work_notes","status":"passed","title":"should set element to work_notes","duration":1,"failureMessages":[]},{"ancestorTitles":["","ChangeRepository","addWorkNote"],"fullName":" ChangeRepository addWorkNote should include change table and ID","status":"passed","title":"should include change table and ID","duration":0,"failureMessages":[]},{"ancestorTitles":["","ChangeRepository","addWorkNote"],"fullName":" ChangeRepository addWorkNote should return created journal entry","status":"passed","title":"should return created journal entry","duration":0,"failureMessages":[]},{"ancestorTitles":["","ChangeRepository","Error Handling"],"fullName":" ChangeRepository Error Handling should propagate table client errors","status":"passed","title":"should propagate table client errors","duration":1,"failureMessages":[]},{"ancestorTitles":["","ChangeRepository","Error Handling"],"fullName":" ChangeRepository Error Handling should handle network errors gracefully","status":"passed","title":"should handle network errors gracefully","duration":0,"failureMessages":[]},{"ancestorTitles":["","ChangeRepository","Error Handling"],"fullName":" ChangeRepository Error Handling should handle invalid table operations","status":"passed","title":"should handle invalid table operations","duration":4,"failureMessages":[]},{"ancestorTitles":["","ChangeRepository","Query Building"],"fullName":" ChangeRepository Query Building should properly encode queries with special characters","status":"passed","title":"should properly encode queries with special characters","duration":0,"failureMessages":[]},{"ancestorTitles":["","ChangeRepository","Query Building"],"fullName":" ChangeRepository Query Building should handle multiple query conditions","status":"passed","title":"should handle multiple query conditions","duration":1,"failureMessages":[]},{"ancestorTitles":["","ChangeRepository","Query Building"],"fullName":" ChangeRepository Query Building should support complex query operators","status":"passed","title":"should support complex query operators","duration":0,"failureMessages":[]},{"ancestorTitles":["","ChangeRepository","Performance Optimization"],"fullName":" ChangeRepository Performance Optimization should support batch field selection","status":"passed","title":"should support batch field selection","duration":1,"failureMessages":[]},{"ancestorTitles":["","ChangeRepository","Performance Optimization"],"fullName":" ChangeRepository Performance Optimization should support exclude_reference_link for performance","status":"passed","title":"should support exclude_reference_link for performance","duration":0,"failureMessages":[]},{"ancestorTitles":["","ChangeRepository","Performance Optimization"],"fullName":" ChangeRepository Performance Optimization should use direct ID lookup when possible","status":"passed","title":"should use direct ID lookup when possible","duration":1,"failureMessages":[]}],"startTime":1763484004437,"endTime":1763484004472,"status":"passed","message":"","name":"/Users/hamadriaz/Documents/codebase/ai-sdk-slackbot/tests/lib/infrastructure/servicenow/repositories/change-repository.impl.test.ts"},{"assertionResults":[{"ancestorTitles":["","ServiceNowRequestRepository","findByNumber"],"fullName":" ServiceNowRequestRepository findByNumber should fetch request by number","status":"passed","title":"should fetch request by number","duration":2,"failureMessages":[]},{"ancestorTitles":["","ServiceNowRequestRepository","findByNumber"],"fullName":" ServiceNowRequestRepository findByNumber should return null if request not found","status":"passed","title":"should return null if request not found","duration":1,"failureMessages":[]},{"ancestorTitles":["","ServiceNowRequestRepository","findByNumber"],"fullName":" ServiceNowRequestRepository findByNumber should map all fields correctly","status":"passed","title":"should map all fields correctly","duration":0,"failureMessages":[]},{"ancestorTitles":["","ServiceNowRequestRepository","findBySysId"],"fullName":" ServiceNowRequestRepository findBySysId should fetch request by sys_id","status":"passed","title":"should fetch request by sys_id","duration":0,"failureMessages":[]},{"ancestorTitles":["","ServiceNowRequestRepository","findBySysId"],"fullName":" ServiceNowRequestRepository findBySysId should return null on 404 error","status":"passed","title":"should return null on 404 error","duration":1,"failureMessages":[]},{"ancestorTitles":["","ServiceNowRequestRepository","findBySysId"],"fullName":" ServiceNowRequestRepository findBySysId should throw on other errors","status":"passed","title":"should throw on other errors","duration":1,"failureMessages":[]},{"ancestorTitles":["","ServiceNowRequestRepository","search"],"fullName":" ServiceNowRequestRepository search should search requests with criteria","status":"passed","title":"should search requests with criteria","duration":0,"failureMessages":[]},{"ancestorTitles":["","ServiceNowRequestRepository","search"],"fullName":" ServiceNowRequestRepository search should build complex queries","status":"passed","title":"should build complex queries","duration":0,"failureMessages":[]},{"ancestorTitles":["","ServiceNowRequestRepository","findByRequestedFor"],"fullName":" ServiceNowRequestRepository findByRequestedFor should fetch requests for specific user","status":"passed","title":"should fetch requests for specific user","duration":0,"failureMessages":[]},{"ancestorTitles":["","ServiceNowRequestRepository","findByState"],"fullName":" ServiceNowRequestRepository findByState should fetch requests by state","status":"passed","title":"should fetch requests by state","duration":1,"failureMessages":[]}],"startTime":1763484012798,"endTime":1763484012806,"status":"passed","message":"","name":"/Users/hamadriaz/Documents/codebase/ai-sdk-slackbot/tests/lib/infrastructure/servicenow/repositories/request-repository.impl.test.ts"},{"assertionResults":[{"ancestorTitles":["","ServiceNowRequestedItemRepository","findByNumber"],"fullName":" ServiceNowRequestedItemRepository findByNumber should fetch requested item by number","status":"passed","title":"should fetch requested item by number","duration":4,"failureMessages":[]},{"ancestorTitles":["","ServiceNowRequestedItemRepository","findByNumber"],"fullName":" ServiceNowRequestedItemRepository findByNumber should return null if not found","status":"passed","title":"should return null if not found","duration":0,"failureMessages":[]},{"ancestorTitles":["","ServiceNowRequestedItemRepository","findByNumber"],"fullName":" ServiceNowRequestedItemRepository findByNumber should map parent relationship correctly","status":"passed","title":"should map parent relationship correctly","duration":0,"failureMessages":[]},{"ancestorTitles":["","ServiceNowRequestedItemRepository","findBySysId"],"fullName":" ServiceNowRequestedItemRepository findBySysId should fetch requested item by sys_id","status":"passed","title":"should fetch requested item by sys_id","duration":1,"failureMessages":[]},{"ancestorTitles":["","ServiceNowRequestedItemRepository","findBySysId"],"fullName":" ServiceNowRequestedItemRepository findBySysId should return null on 404 error","status":"passed","title":"should return null on 404 error","duration":1,"failureMessages":[]},{"ancestorTitles":["","ServiceNowRequestedItemRepository","findByRequest"],"fullName":" ServiceNowRequestedItemRepository findByRequest should fetch items for a parent request","status":"passed","title":"should fetch items for a parent request","duration":1,"failureMessages":[]},{"ancestorTitles":["","ServiceNowRequestedItemRepository","findByCatalogItem"],"fullName":" ServiceNowRequestedItemRepository findByCatalogItem should fetch items by catalog item","status":"passed","title":"should fetch items by catalog item","duration":1,"failureMessages":[]},{"ancestorTitles":["","ServiceNowRequestedItemRepository","search"],"fullName":" ServiceNowRequestedItemRepository search should search with multiple criteria","status":"passed","title":"should search with multiple criteria","duration":0,"failureMessages":[]}],"startTime":1763484013537,"endTime":1763484013545,"status":"passed","message":"","name":"/Users/hamadriaz/Documents/codebase/ai-sdk-slackbot/tests/lib/infrastructure/servicenow/repositories/requested-item-repository.impl.test.ts"}]}